[2024-11-20 14:10:11] INFO     [src.core.data_processor:processar_dados:23] Iniciando processamento dos dados
[2024-11-20 14:10:11] INFO     [src.core.data_processor:processar_dados:46] Dados processados com sucesso: 490 registros
[2024-11-20 14:14:43] INFO     [src.core.data_processor:processar_dados:23] Iniciando processamento dos dados
[2024-11-20 14:14:43] INFO     [src.core.data_processor:processar_dados:46] Dados processados com sucesso: 490 registros
[2024-11-20 14:23:14] INFO     [src.core.data_processor:processar_dados:23] Iniciando processamento dos dados
[2024-11-20 14:23:14] INFO     [src.core.data_processor:processar_dados:46] Dados processados com sucesso: 490 registros
[2024-11-20 14:24:39] INFO     [src.core.data_processor:processar_dados:23] Iniciando processamento dos dados
[2024-11-20 14:24:40] INFO     [src.core.data_processor:processar_dados:46] Dados processados com sucesso: 490 registros
[2024-11-20 14:25:30] INFO     [src.core.data_processor:processar_dados:23] Iniciando processamento dos dados
[2024-11-20 14:25:30] INFO     [src.core.data_processor:processar_dados:46] Dados processados com sucesso: 490 registros
[2024-11-20 14:28:57] INFO     [src.core.data_processor:processar_dados:23] Iniciando processamento dos dados
[2024-11-20 14:28:57] INFO     [src.core.data_processor:processar_dados:46] Dados processados com sucesso: 490 registros
[2024-11-20 14:44:53] INFO     [src.core.data_processor:processar_dados:23] Iniciando processamento dos dados
[2024-11-20 14:44:53] INFO     [src.core.data_processor:processar_dados:46] Dados processados com sucesso: 490 registros
[2024-11-20 15:19:24] INFO     [src.core.data_processor:processar_dados:47] Dados processados: 490 registros
[2024-11-20 16:43:45] INFO     [src.core.data_processor:processar_dados:47] Dados processados: 490 registros
[2024-11-20 16:47:11] ERROR    [src.core.data_processor:_processar_datas:177] Erro ao processar datas: 'bool' object has no attribute 'any'
[2024-11-20 16:47:11] ERROR    [src.core.data_processor:processar_dados:71] Erro ao processar dados: unhashable type: 'DataFrame'
Traceback (most recent call last):
  File "/Users/camilo/projetos_vs/bolt_git/src/core/data_processor.py", line 56, in processar_dados
    metricas = self._calcular_metricas(df)
TypeError: unhashable type: 'DataFrame'
[2024-11-20 16:47:40] ERROR    [src.core.data_processor:_processar_datas:177] Erro ao processar datas: 'bool' object has no attribute 'any'
[2024-11-20 16:47:40] ERROR    [src.core.data_processor:processar_dados:71] Erro ao processar dados: unhashable type: 'DataFrame'
Traceback (most recent call last):
  File "/Users/camilo/projetos_vs/bolt_git/src/core/data_processor.py", line 56, in processar_dados
    metricas = self._calcular_metricas(df)
TypeError: unhashable type: 'DataFrame'
[2024-11-20 16:49:21] INFO     [src.core.data_processor:processar_dados:71] Dados processados: 490 registros
[2024-11-20 16:51:34] INFO     [src.core.data_processor:processar_dados:79] Dados processados: 490 registros
[2024-11-20 16:51:41] INFO     [src.core.data_processor:processar_dados:79] Dados processados: 490 registros
[2024-11-20 16:54:27] INFO     [src.core.data_processor:processar_dados:79] Dados processados: 490 registros
[2024-11-20 17:05:05] INFO     [src.core.data_processor:processar_dados:79] Dados processados: 490 registros
[2024-11-20 17:15:27] INFO     [src.core.data_processor:processar_dados:83] Dados processados: 490 registros
[2024-11-20 17:16:33] INFO     [src.core.data_processor:processar_dados:83] Dados processados: 490 registros
[2024-11-20 17:19:32] INFO     [src.core.data_processor:processar_dados:83] Dados processados: 490 registros
[2024-11-20 17:20:15] INFO     [src.core.data_processor:processar_dados:83] Dados processados: 490 registros
[2024-11-20 17:20:21] INFO     [src.core.data_processor:processar_dados:83] Dados processados: 490 registros
[2024-11-20 17:23:33] INFO     [src.core.data_processor:processar_dados:83] Dados processados: 490 registros
[2024-11-20 17:23:44] INFO     [src.core.data_processor:processar_dados:83] Dados processados: 490 registros
[2024-11-20 17:25:02] INFO     [src.core.data_processor:processar_dados:83] Dados processados: 490 registros
[2024-11-20 17:29:04] INFO     [src.core.data_processor:processar_dados:83] Dados processados: 490 registros
[2024-11-20 17:30:39] INFO     [src.core.data_processor:processar_dados:83] Dados processados: 490 registros
[2024-11-20 17:33:25] INFO     [src.core.data_processor:processar_dados:83] Dados processados: 490 registros
[2024-11-20 17:34:52] INFO     [src.core.data_processor:processar_dados:83] Dados processados: 490 registros
[2024-11-20 17:37:00] INFO     [src.core.data_processor:processar_dados:83] Dados processados: 490 registros
[2024-11-20 17:53:36] INFO     [src.core.data_processor:processar_dados:83] Dados processados: 490 registros
[2024-11-20 17:55:58] INFO     [src.core.data_processor:processar_dados:83] Dados processados: 490 registros
[2024-11-20 17:59:10] INFO     [src.core.data_processor:processar_dados:83] Dados processados: 490 registros
[2024-11-20 18:14:26] INFO     [src.core.data_processor:processar_dados:83] Dados processados: 490 registros
[2024-11-20 18:16:37] INFO     [src.core.data_processor:processar_dados:83] Dados processados: 490 registros
[2024-11-20 18:23:04] INFO     [src.core.data_processor:processar_dados:83] Dados processados: 490 registros
[2024-11-20 18:28:32] INFO     [src.core.data_processor:processar_dados:83] Dados processados: 490 registros
[2024-11-20 18:31:56] INFO     [src.core.data_processor:processar_dados:83] Dados processados: 490 registros
[2024-11-20 18:40:48] INFO     [src.core.data_processor:processar_dados:83] Dados processados: 490 registros
[2024-11-20 18:41:02] INFO     [src.core.data_processor:processar_dados:83] Dados processados: 490 registros
[2024-11-20 18:45:47] INFO     [src.core.data_processor:processar_dados:83] Dados processados: 490 registros
[2024-11-20 18:47:37] INFO     [src.core.data_processor:processar_dados:83] Dados processados: 490 registros
[2024-11-20 18:50:47] INFO     [src.core.data_processor:processar_dados:83] Dados processados: 490 registros
[2024-11-20 19:01:46] INFO     [src.core.data_processor:processar_dados:83] Dados processados: 490 registros
[2024-11-20 19:03:39] INFO     [src.core.data_processor:processar_dados:83] Dados processados: 490 registros
[2024-11-20 19:05:52] INFO     [src.core.data_processor:processar_dados:83] Dados processados: 490 registros
[2024-11-20 19:11:44] INFO     [src.core.data_processor:processar_dados:83] Dados processados: 490 registros
[2024-11-20 19:12:13] INFO     [src.core.data_processor:processar_dados:83] Dados processados: 490 registros
[2024-11-20 19:15:37] INFO     [src.core.data_processor:processar_dados:83] Dados processados: 490 registros
